  render_menu.cpp
C:\Program Files (x86)\Microsoft DirectX SDK (June 2010)\Include\dxgitype.h(12,1): warning C4005: 'DXGI_STATUS_OCCLUDED': macro redefinition
  (compiling source file 'render_menu/render_menu.cpp')
  C:\Program Files (x86)\Windows Kits\10\Include\10.0.22621.0\shared\winerror.h(58160,1):
  see previous definition of 'DXGI_STATUS_OCCLUDED'
  
C:\Program Files (x86)\Microsoft DirectX SDK (June 2010)\Include\dxgitype.h(13,1): warning C4005: 'DXGI_STATUS_CLIPPED': macro redefinition
  (compiling source file 'render_menu/render_menu.cpp')
  C:\Program Files (x86)\Windows Kits\10\Include\10.0.22621.0\shared\winerror.h(58169,1):
  see previous definition of 'DXGI_STATUS_CLIPPED'
  
C:\Program Files (x86)\Microsoft DirectX SDK (June 2010)\Include\dxgitype.h(14,1): warning C4005: 'DXGI_STATUS_NO_REDIRECTION': macro redefinition
  (compiling source file 'render_menu/render_menu.cpp')
  C:\Program Files (x86)\Windows Kits\10\Include\10.0.22621.0\shared\winerror.h(58178,1):
  see previous definition of 'DXGI_STATUS_NO_REDIRECTION'
  
C:\Program Files (x86)\Microsoft DirectX SDK (June 2010)\Include\dxgitype.h(15,1): warning C4005: 'DXGI_STATUS_NO_DESKTOP_ACCESS': macro redefinition
  (compiling source file 'render_menu/render_menu.cpp')
  C:\Program Files (x86)\Windows Kits\10\Include\10.0.22621.0\shared\winerror.h(58187,1):
  see previous definition of 'DXGI_STATUS_NO_DESKTOP_ACCESS'
  
C:\Program Files (x86)\Microsoft DirectX SDK (June 2010)\Include\dxgitype.h(16,1): warning C4005: 'DXGI_STATUS_GRAPHICS_VIDPN_SOURCE_IN_USE': macro redefinition
  (compiling source file 'render_menu/render_menu.cpp')
  C:\Program Files (x86)\Windows Kits\10\Include\10.0.22621.0\shared\winerror.h(58196,1):
  see previous definition of 'DXGI_STATUS_GRAPHICS_VIDPN_SOURCE_IN_USE'
  
C:\Program Files (x86)\Microsoft DirectX SDK (June 2010)\Include\dxgitype.h(17,1): warning C4005: 'DXGI_STATUS_MODE_CHANGED': macro redefinition
  (compiling source file 'render_menu/render_menu.cpp')
  C:\Program Files (x86)\Windows Kits\10\Include\10.0.22621.0\shared\winerror.h(58205,1):
  see previous definition of 'DXGI_STATUS_MODE_CHANGED'
  
C:\Program Files (x86)\Microsoft DirectX SDK (June 2010)\Include\dxgitype.h(18,1): warning C4005: 'DXGI_STATUS_MODE_CHANGE_IN_PROGRESS': macro redefinition
  (compiling source file 'render_menu/render_menu.cpp')
  C:\Program Files (x86)\Windows Kits\10\Include\10.0.22621.0\shared\winerror.h(58214,1):
  see previous definition of 'DXGI_STATUS_MODE_CHANGE_IN_PROGRESS'
  
C:\Program Files (x86)\Microsoft DirectX SDK (June 2010)\Include\dxgitype.h(21,1): warning C4005: 'DXGI_ERROR_INVALID_CALL': macro redefinition
  (compiling source file 'render_menu/render_menu.cpp')
  C:\Program Files (x86)\Windows Kits\10\Include\10.0.22621.0\shared\winerror.h(58229,1):
  see previous definition of 'DXGI_ERROR_INVALID_CALL'
  
C:\Program Files (x86)\Microsoft DirectX SDK (June 2010)\Include\dxgitype.h(22,1): warning C4005: 'DXGI_ERROR_NOT_FOUND': macro redefinition
  (compiling source file 'render_menu/render_menu.cpp')
  C:\Program Files (x86)\Windows Kits\10\Include\10.0.22621.0\shared\winerror.h(58238,1):
  see previous definition of 'DXGI_ERROR_NOT_FOUND'
  
C:\Program Files (x86)\Microsoft DirectX SDK (June 2010)\Include\dxgitype.h(23,1): warning C4005: 'DXGI_ERROR_MORE_DATA': macro redefinition
  (compiling source file 'render_menu/render_menu.cpp')
  C:\Program Files (x86)\Windows Kits\10\Include\10.0.22621.0\shared\winerror.h(58247,1):
  see previous definition of 'DXGI_ERROR_MORE_DATA'
  
C:\Program Files (x86)\Microsoft DirectX SDK (June 2010)\Include\dxgitype.h(24,1): warning C4005: 'DXGI_ERROR_UNSUPPORTED': macro redefinition
  (compiling source file 'render_menu/render_menu.cpp')
  C:\Program Files (x86)\Windows Kits\10\Include\10.0.22621.0\shared\winerror.h(58256,1):
  see previous definition of 'DXGI_ERROR_UNSUPPORTED'
  
C:\Program Files (x86)\Microsoft DirectX SDK (June 2010)\Include\dxgitype.h(25,1): warning C4005: 'DXGI_ERROR_DEVICE_REMOVED': macro redefinition
  (compiling source file 'render_menu/render_menu.cpp')
  C:\Program Files (x86)\Windows Kits\10\Include\10.0.22621.0\shared\winerror.h(58265,1):
  see previous definition of 'DXGI_ERROR_DEVICE_REMOVED'
  
C:\Program Files (x86)\Microsoft DirectX SDK (June 2010)\Include\dxgitype.h(26,1): warning C4005: 'DXGI_ERROR_DEVICE_HUNG': macro redefinition
  (compiling source file 'render_menu/render_menu.cpp')
  C:\Program Files (x86)\Windows Kits\10\Include\10.0.22621.0\shared\winerror.h(58274,1):
  see previous definition of 'DXGI_ERROR_DEVICE_HUNG'
  
C:\Program Files (x86)\Microsoft DirectX SDK (June 2010)\Include\dxgitype.h(27,1): warning C4005: 'DXGI_ERROR_DEVICE_RESET': macro redefinition
  (compiling source file 'render_menu/render_menu.cpp')
  C:\Program Files (x86)\Windows Kits\10\Include\10.0.22621.0\shared\winerror.h(58284,1):
  see previous definition of 'DXGI_ERROR_DEVICE_RESET'
  
C:\Program Files (x86)\Microsoft DirectX SDK (June 2010)\Include\dxgitype.h(28,1): warning C4005: 'DXGI_ERROR_WAS_STILL_DRAWING': macro redefinition
  (compiling source file 'render_menu/render_menu.cpp')
  C:\Program Files (x86)\Windows Kits\10\Include\10.0.22621.0\shared\winerror.h(58293,1):
  see previous definition of 'DXGI_ERROR_WAS_STILL_DRAWING'
  
C:\Program Files (x86)\Microsoft DirectX SDK (June 2010)\Include\dxgitype.h(29,1): warning C4005: 'DXGI_ERROR_FRAME_STATISTICS_DISJOINT': macro redefinition
  (compiling source file 'render_menu/render_menu.cpp')
  C:\Program Files (x86)\Windows Kits\10\Include\10.0.22621.0\shared\winerror.h(58303,1):
  see previous definition of 'DXGI_ERROR_FRAME_STATISTICS_DISJOINT'
  
C:\Program Files (x86)\Microsoft DirectX SDK (June 2010)\Include\dxgitype.h(30,1): warning C4005: 'DXGI_ERROR_GRAPHICS_VIDPN_SOURCE_IN_USE': macro redefinition
  (compiling source file 'render_menu/render_menu.cpp')
  C:\Program Files (x86)\Windows Kits\10\Include\10.0.22621.0\shared\winerror.h(58312,1):
  see previous definition of 'DXGI_ERROR_GRAPHICS_VIDPN_SOURCE_IN_USE'
  
C:\Program Files (x86)\Microsoft DirectX SDK (June 2010)\Include\dxgitype.h(31,1): warning C4005: 'DXGI_ERROR_DRIVER_INTERNAL_ERROR': macro redefinition
  (compiling source file 'render_menu/render_menu.cpp')
  C:\Program Files (x86)\Windows Kits\10\Include\10.0.22621.0\shared\winerror.h(58322,1):
  see previous definition of 'DXGI_ERROR_DRIVER_INTERNAL_ERROR'
  
C:\Program Files (x86)\Microsoft DirectX SDK (June 2010)\Include\dxgitype.h(32,1): warning C4005: 'DXGI_ERROR_NONEXCLUSIVE': macro redefinition
  (compiling source file 'render_menu/render_menu.cpp')
  C:\Program Files (x86)\Windows Kits\10\Include\10.0.22621.0\shared\winerror.h(58331,1):
  see previous definition of 'DXGI_ERROR_NONEXCLUSIVE'
  
C:\Program Files (x86)\Microsoft DirectX SDK (June 2010)\Include\dxgitype.h(33,1): warning C4005: 'DXGI_ERROR_NOT_CURRENTLY_AVAILABLE': macro redefinition
  (compiling source file 'render_menu/render_menu.cpp')
  C:\Program Files (x86)\Windows Kits\10\Include\10.0.22621.0\shared\winerror.h(58340,1):
  see previous definition of 'DXGI_ERROR_NOT_CURRENTLY_AVAILABLE'
  
C:\Program Files (x86)\Microsoft DirectX SDK (June 2010)\Include\dxgitype.h(34,1): warning C4005: 'DXGI_ERROR_REMOTE_CLIENT_DISCONNECTED': macro redefinition
  (compiling source file 'render_menu/render_menu.cpp')
  C:\Program Files (x86)\Windows Kits\10\Include\10.0.22621.0\shared\winerror.h(58350,1):
  see previous definition of 'DXGI_ERROR_REMOTE_CLIENT_DISCONNECTED'
  
C:\Program Files (x86)\Microsoft DirectX SDK (June 2010)\Include\dxgitype.h(35,1): warning C4005: 'DXGI_ERROR_REMOTE_OUTOFMEMORY': macro redefinition
  (compiling source file 'render_menu/render_menu.cpp')
  C:\Program Files (x86)\Windows Kits\10\Include\10.0.22621.0\shared\winerror.h(58359,1):
  see previous definition of 'DXGI_ERROR_REMOTE_OUTOFMEMORY'
  
C:\Program Files (x86)\Microsoft DirectX SDK (June 2010)\Include\d3d11.h(917,1): warning C4005: 'D3D11_ERROR_TOO_MANY_UNIQUE_STATE_OBJECTS': macro redefinition
  (compiling source file 'render_menu/render_menu.cpp')
  C:\Program Files (x86)\Windows Kits\10\Include\10.0.22621.0\shared\winerror.h(58665,1):
  see previous definition of 'D3D11_ERROR_TOO_MANY_UNIQUE_STATE_OBJECTS'
  
C:\Program Files (x86)\Microsoft DirectX SDK (June 2010)\Include\d3d11.h(918,1): warning C4005: 'D3D11_ERROR_FILE_NOT_FOUND': macro redefinition
  (compiling source file 'render_menu/render_menu.cpp')
  C:\Program Files (x86)\Windows Kits\10\Include\10.0.22621.0\shared\winerror.h(58674,1):
  see previous definition of 'D3D11_ERROR_FILE_NOT_FOUND'
  
C:\Program Files (x86)\Microsoft DirectX SDK (June 2010)\Include\d3d11.h(919,1): warning C4005: 'D3D11_ERROR_TOO_MANY_UNIQUE_VIEW_OBJECTS': macro redefinition
  (compiling source file 'render_menu/render_menu.cpp')
  C:\Program Files (x86)\Windows Kits\10\Include\10.0.22621.0\shared\winerror.h(58684,1):
  see previous definition of 'D3D11_ERROR_TOO_MANY_UNIQUE_VIEW_OBJECTS'
  
C:\Program Files (x86)\Microsoft DirectX SDK (June 2010)\Include\d3d11.h(920,1): warning C4005: 'D3D11_ERROR_DEFERRED_CONTEXT_MAP_WITHOUT_INITIAL_DISCARD': macro redefinition
  (compiling source file 'render_menu/render_menu.cpp')
  C:\Program Files (x86)\Windows Kits\10\Include\10.0.22621.0\shared\winerror.h(58693,1):
  see previous definition of 'D3D11_ERROR_DEFERRED_CONTEXT_MAP_WITHOUT_INITIAL_DISCARD'
  
C:\Program Files (x86)\Microsoft DirectX SDK (June 2010)\Include\d3d10.h(608,1): warning C4005: 'D3D10_ERROR_TOO_MANY_UNIQUE_STATE_OBJECTS': macro redefinition
  (compiling source file 'render_menu/render_menu.cpp')
  C:\Program Files (x86)\Windows Kits\10\Include\10.0.22621.0\shared\winerror.h(58641,1):
  see previous definition of 'D3D10_ERROR_TOO_MANY_UNIQUE_STATE_OBJECTS'
  
C:\Program Files (x86)\Microsoft DirectX SDK (June 2010)\Include\d3d10.h(609,1): warning C4005: 'D3D10_ERROR_FILE_NOT_FOUND': macro redefinition
  (compiling source file 'render_menu/render_menu.cpp')
  C:\Program Files (x86)\Windows Kits\10\Include\10.0.22621.0\shared\winerror.h(58650,1):
  see previous definition of 'D3D10_ERROR_FILE_NOT_FOUND'
  
  Generating code
  53 of 1971 functions ( 2.7%) were compiled, the rest were copied from previous compilation.
    33 functions were new in current compilation
    52 functions had inline decision re-evaluated but remain unchanged
  Finished generating code
  waloranti.vcxproj -> C:\Users\j\Downloads\waloranti-main\waloranti\Release\waloranti.exe
