c:\users\j\downloads\waloranti-main\waloranti\waloranti\release\vc143.pdb
c:\users\j\downloads\waloranti-main\waloranti\waloranti\release\utilities.obj
c:\users\j\downloads\waloranti-main\waloranti\waloranti\release\stopwatch.obj
c:\users\j\downloads\waloranti-main\waloranti\waloranti\release\myfont.obj
c:\users\j\downloads\waloranti-main\waloranti\waloranti\release\imgui_widgets.obj
c:\users\j\downloads\waloranti-main\waloranti\waloranti\release\imgui_tables.obj
c:\users\j\downloads\waloranti-main\waloranti\waloranti\release\imgui_impl_win32.obj
c:\users\j\downloads\waloranti-main\waloranti\waloranti\release\imgui_impl_dx11.obj
c:\users\j\downloads\waloranti-main\waloranti\waloranti\release\imgui_draw.obj
c:\users\j\downloads\waloranti-main\waloranti\waloranti\release\imgui_demo.obj
c:\users\j\downloads\waloranti-main\waloranti\waloranti\release\imgui.obj
c:\users\j\downloads\waloranti-main\waloranti\waloranti\release\enemy_scanner.obj
c:\users\j\downloads\waloranti-main\waloranti\waloranti\release\control_mouse.obj
c:\users\j\downloads\waloranti-main\waloranti\waloranti\release\dda_impl.obj
c:\users\j\downloads\waloranti-main\waloranti\waloranti\release\capture_screen.obj
c:\users\j\downloads\waloranti-main\waloranti\waloranti\release\render_menu.obj
c:\users\j\downloads\waloranti-main\waloranti\waloranti\release\main.obj
c:\users\j\downloads\waloranti-main\waloranti\waloranti\release\waloranti.res
c:\users\j\downloads\waloranti-main\waloranti\waloranti\release\waloranti.tlog\cl.command.1.tlog
c:\users\j\downloads\waloranti-main\waloranti\waloranti\release\waloranti.tlog\cl.read.1.tlog
c:\users\j\downloads\waloranti-main\waloranti\waloranti\release\waloranti.tlog\cl.write.1.tlog
c:\users\j\downloads\waloranti-main\waloranti\waloranti\release\waloranti.tlog\link.command.1.tlog
c:\users\j\downloads\waloranti-main\waloranti\waloranti\release\waloranti.tlog\link.read.1.tlog
c:\users\j\downloads\waloranti-main\waloranti\waloranti\release\waloranti.tlog\link.write.1.tlog
c:\users\j\downloads\waloranti-main\waloranti\waloranti\release\waloranti.tlog\rc.command.1.tlog
c:\users\j\downloads\waloranti-main\waloranti\waloranti\release\waloranti.tlog\rc.read.1.tlog
c:\users\j\downloads\waloranti-main\waloranti\waloranti\release\waloranti.tlog\rc.write.1.tlog
